<?xml version="1.0" encoding="UTF-8"?>
<!-- Generated by org.testng.reporters.JUnitReportReporter -->
<testsuite hostname="DESKTOP-I4F49SF" failures="0" tests="1" name="tests.ui.AddToCartTest" time="0.589" errors="0" timestamp="2025-02-25T23:36:50 IST" skipped="0">
  <testcase classname="tests.ui.AddToCartTest" name="testAddToCartAfterLogin" time="0.589"/>
</testsuite> <!-- tests.ui.AddToCartTest -->
