<?xml version="1.0" encoding="UTF-8"?>
<!-- Generated by org.testng.reporters.JUnitReportReporter -->
<testsuite hostname="DESKTOP-I4F49SF" failures="0" tests="1" name="tests.ui.CheckoutTest" time="0.861" errors="0" timestamp="2025-02-25T23:36:50 IST" skipped="0">
  <testcase classname="tests.ui.CheckoutTest" name="testCheckoutProcess" time="0.861"/>
</testsuite> <!-- tests.ui.CheckoutTest -->
