<?xml version="1.0" encoding="UTF-8"?>
<!-- Generated by org.testng.reporters.JUnitReportReporter -->
<testsuite hostname="DESKTOP-I4F49SF" failures="0" tests="1" name="tests.ui.LoginTest" time="1.251" errors="0" timestamp="2025-02-25T23:36:50 IST" skipped="0">
  <testcase classname="tests.ui.LoginTest" name="testValidLogin" time="1.251"/>
</testsuite> <!-- tests.ui.LoginTest -->
